2023-10-09 16:53:46.383 [info] Extension host with pid 183 started
2023-10-09 16:53:46.450 [info] ExtensionService#_doActivateExtension vscode.git-base, startup: true, activationEvent: '*', root cause: vscode.git
2023-10-09 16:53:46.460 [info] Lock '/home/whalebee/.vscode-server/data/User/workspaceStorage/9f95e7be9231f2f138f7073472332cd7/vscode.lock': Lock acquired.
2023-10-09 16:53:46.499 [info] ExtensionService#_doActivateExtension vscode.git, startup: true, activationEvent: '*'
2023-10-09 16:53:46.499 [info] ExtensionService#_doActivateExtension vscode.github, startup: true, activationEvent: '*'
2023-10-09 16:53:46.705 [info] Eager extensions activated
2023-10-09 16:53:46.706 [info] ExtensionService#_doActivateExtension vscode.debug-auto-launch, startup: false, activationEvent: 'onStartupFinished'
2023-10-09 16:53:46.706 [info] ExtensionService#_doActivateExtension vscode.merge-conflict, startup: false, activationEvent: 'onStartupFinished'
2023-10-09 16:53:47.310 [warning] [Decorations] CAPPING events from decorations provider vscode.git 1198
2023-10-09 16:53:48.041 [warning] [Decorations] CAPPING events from decorations provider vscode.git 1198
2023-10-09 16:53:55.067 [warning] [Decorations] CAPPING events from decorations provider vscode.git 1198
2023-10-09 16:54:00.303 [warning] [Decorations] CAPPING events from decorations provider vscode.git 1198
2023-10-09 16:54:06.817 [warning] [Decorations] CAPPING events from decorations provider vscode.git 1198
2023-10-09 16:54:10.946 [info] ExtensionService#_doActivateExtension vscode.extension-editing, startup: false, activationEvent: 'onLanguage:markdown'
2023-10-09 16:54:10.946 [info] ExtensionService#_doActivateExtension vscode.markdown-language-features, startup: false, activationEvent: 'onLanguage:markdown'
2023-10-09 16:54:10.947 [info] ExtensionService#_doActivateExtension vscode.emmet, startup: false, activationEvent: 'onLanguage'
2023-10-09 16:54:11.508 [info] ExtensionService#_doActivateExtension vscode.markdown-math, startup: false, activationEvent: 'api', root cause: vscode.markdown-language-features
2023-10-09 16:54:12.071 [warning] [Decorations] CAPPING events from decorations provider vscode.git 1198
2023-10-09 17:14:21.676 [warning] [Decorations] CAPPING events from decorations provider vscode.git 1198
2023-10-09 17:14:22.223 [warning] [Decorations] CAPPING events from decorations provider vscode.git 1198
2023-10-09 17:14:26.923 [warning] [Decorations] CAPPING events from decorations provider vscode.git 1198
2023-10-09 17:14:32.173 [warning] [Decorations] CAPPING events from decorations provider vscode.git 1198
2023-10-09 17:14:37.425 [warning] [Decorations] CAPPING events from decorations provider vscode.git 1198
2023-10-09 17:14:42.679 [warning] [Decorations] CAPPING events from decorations provider vscode.git 1198
2023-10-09 17:14:47.926 [warning] [Decorations] CAPPING events from decorations provider vscode.git 1198
2023-10-09 17:14:56.877 [warning] [Decorations] CAPPING events from decorations provider vscode.git 1198
2023-10-09 17:15:02.124 [warning] [Decorations] CAPPING events from decorations provider vscode.git 1198
2023-10-09 17:15:07.378 [warning] [Decorations] CAPPING events from decorations provider vscode.git 1198
2023-10-09 17:15:12.627 [warning] [Decorations] CAPPING events from decorations provider vscode.git 1198
2023-10-09 17:15:17.876 [warning] [Decorations] CAPPING events from decorations provider vscode.git 1198
2023-10-09 17:15:23.129 [warning] [Decorations] CAPPING events from decorations provider vscode.git 1198
2023-10-09 17:15:28.377 [warning] [Decorations] CAPPING events from decorations provider vscode.git 1198
2023-10-09 17:15:33.630 [warning] [Decorations] CAPPING events from decorations provider vscode.git 1201
2023-10-09 17:15:39.035 [warning] [Decorations] CAPPING events from decorations provider vscode.git 1201
2023-10-09 17:15:44.286 [warning] [Decorations] CAPPING events from decorations provider vscode.git 1202
2023-10-09 17:15:51.069 [warning] [Decorations] CAPPING events from decorations provider vscode.git 1204
2023-10-09 17:16:19.548 [warning] [Decorations] CAPPING events from decorations provider vscode.git 1204
2023-10-09 17:16:24.800 [warning] [Decorations] CAPPING events from decorations provider vscode.git 1204
2023-10-09 17:16:30.052 [warning] [Decorations] CAPPING events from decorations provider vscode.git 1204
2023-10-09 17:16:35.305 [warning] [Decorations] CAPPING events from decorations provider vscode.git 1204
2023-10-09 17:16:40.559 [warning] [Decorations] CAPPING events from decorations provider vscode.git 1204
2023-10-09 17:16:45.818 [warning] [Decorations] CAPPING events from decorations provider vscode.git 1204
2023-10-09 17:16:51.069 [warning] [Decorations] CAPPING events from decorations provider vscode.git 1207
2023-10-09 17:16:56.320 [warning] [Decorations] CAPPING events from decorations provider vscode.git 1207
2023-10-09 17:17:21.008 [warning] [Decorations] CAPPING events from decorations provider vscode.git 1207
2023-10-09 17:17:22.906 [warning] [Decorations] CAPPING events from decorations provider vscode.git 1207
2023-10-09 17:17:26.260 [warning] [Decorations] CAPPING events from decorations provider vscode.git 1207
2023-10-09 17:17:31.518 [warning] [Decorations] CAPPING events from decorations provider vscode.git 1207
2023-10-09 17:17:37.156 [warning] [Decorations] CAPPING events from decorations provider vscode.git 1207
2023-10-09 17:17:42.414 [warning] [Decorations] CAPPING events from decorations provider vscode.git 1210
2023-10-09 17:17:47.669 [warning] [Decorations] CAPPING events from decorations provider vscode.git 1210
2023-10-09 17:17:51.496 [info] ExtensionService#_doActivateExtension vscode.npm, startup: false, activationEvent: 'onTerminalQuickFixRequest:ms-vscode.npm-command'
2023-10-09 17:17:52.952 [warning] [Decorations] CAPPING events from decorations provider vscode.git 1211
2023-10-09 17:17:58.207 [warning] [Decorations] CAPPING events from decorations provider vscode.git 1211
2023-10-09 17:18:10.876 [warning] [Decorations] CAPPING events from decorations provider vscode.git 1211
2023-10-09 17:18:16.123 [warning] [Decorations] CAPPING events from decorations provider vscode.git 1211
2023-10-09 17:18:21.378 [warning] [Decorations] CAPPING events from decorations provider vscode.git 1211
2023-10-09 17:18:26.627 [warning] [Decorations] CAPPING events from decorations provider vscode.git 1211
2023-10-09 17:18:31.883 [warning] [Decorations] CAPPING events from decorations provider vscode.git 1211
2023-10-09 17:18:38.960 [warning] [Decorations] CAPPING events from decorations provider vscode.git 1211
2023-10-09 17:18:44.215 [warning] [Decorations] CAPPING events from decorations provider vscode.git 1211
2023-10-09 17:18:49.467 [warning] [Decorations] CAPPING events from decorations provider vscode.git 1211
2023-10-09 17:18:55.415 [warning] [Decorations] CAPPING events from decorations provider vscode.git 1211
2023-10-09 17:19:00.675 [warning] [Decorations] CAPPING events from decorations provider vscode.git 1211
2023-10-09 17:19:05.928 [warning] [Decorations] CAPPING events from decorations provider vscode.git 1211
2023-10-09 17:19:11.182 [warning] [Decorations] CAPPING events from decorations provider vscode.git 1211
2023-10-09 17:19:16.437 [warning] [Decorations] CAPPING events from decorations provider vscode.git 1211
2023-10-09 17:19:21.694 [warning] [Decorations] CAPPING events from decorations provider vscode.git 1211
2023-10-09 17:19:28.214 [warning] [Decorations] CAPPING events from decorations provider vscode.git 1211
2023-10-09 17:19:33.465 [warning] [Decorations] CAPPING events from decorations provider vscode.git 1211
2023-10-09 17:19:40.414 [warning] [Decorations] CAPPING events from decorations provider vscode.git 1212
2023-10-09 17:19:45.669 [warning] [Decorations] CAPPING events from decorations provider vscode.git 1212
2023-10-09 17:19:57.455 [warning] [Decorations] CAPPING events from decorations provider vscode.git 1212
2023-10-09 17:20:02.710 [warning] [Decorations] CAPPING events from decorations provider vscode.git 1212
2023-10-09 17:20:07.961 [warning] [Decorations] CAPPING events from decorations provider vscode.git 1212
2023-10-09 17:20:13.213 [warning] [Decorations] CAPPING events from decorations provider vscode.git 1213
2023-10-09 17:20:39.531 [warning] [Decorations] CAPPING events from decorations provider vscode.git 1213
2023-10-09 17:20:40.124 [warning] [Decorations] CAPPING events from decorations provider vscode.git 1213
2023-10-09 17:20:44.793 [warning] [Decorations] CAPPING events from decorations provider vscode.git 1213
2023-10-09 17:20:50.045 [warning] [Decorations] CAPPING events from decorations provider vscode.git 1213
2023-10-09 17:20:56.873 [warning] [Decorations] CAPPING events from decorations provider vscode.git 1213
2023-10-09 17:21:13.022 [warning] [Decorations] CAPPING events from decorations provider vscode.git 1213
2023-10-09 17:21:18.298 [warning] [Decorations] CAPPING events from decorations provider vscode.git 1214
2023-10-09 17:21:23.548 [warning] [Decorations] CAPPING events from decorations provider vscode.git 1214
2023-10-09 17:21:28.811 [warning] [Decorations] CAPPING events from decorations provider vscode.git 1214
2023-10-09 17:21:34.064 [warning] [Decorations] CAPPING events from decorations provider vscode.git 1214
2023-10-09 17:21:39.309 [warning] [Decorations] CAPPING events from decorations provider vscode.git 1214
2023-10-09 17:21:44.557 [warning] [Decorations] CAPPING events from decorations provider vscode.git 1214
2023-10-09 17:21:49.814 [warning] [Decorations] CAPPING events from decorations provider vscode.git 1214
2023-10-09 17:21:55.065 [warning] [Decorations] CAPPING events from decorations provider vscode.git 1214
2023-10-09 17:22:03.487 [warning] [Decorations] CAPPING events from decorations provider vscode.git 1214
2023-10-09 17:22:08.738 [warning] [Decorations] CAPPING events from decorations provider vscode.git 1214
2023-10-09 17:22:13.988 [warning] [Decorations] CAPPING events from decorations provider vscode.git 1214
2023-10-09 17:22:19.243 [warning] [Decorations] CAPPING events from decorations provider vscode.git 1214
2023-10-09 17:22:24.504 [warning] [Decorations] CAPPING events from decorations provider vscode.git 1214
2023-10-09 17:22:29.780 [warning] [Decorations] CAPPING events from decorations provider vscode.git 1218
2023-10-09 17:22:36.602 [warning] [Decorations] CAPPING events from decorations provider vscode.git 1218
2023-10-09 17:22:43.734 [warning] [Decorations] CAPPING events from decorations provider vscode.git 1218
2023-10-09 17:22:56.039 [warning] [Decorations] CAPPING events from decorations provider vscode.git 1218
2023-10-09 17:23:01.299 [warning] [Decorations] CAPPING events from decorations provider vscode.git 1218
2023-10-09 17:23:06.550 [warning] [Decorations] CAPPING events from decorations provider vscode.git 1218
2023-10-09 17:23:11.798 [warning] [Decorations] CAPPING events from decorations provider vscode.git 1218
2023-10-09 17:23:17.055 [warning] [Decorations] CAPPING events from decorations provider vscode.git 1218
2023-10-09 17:23:22.304 [warning] [Decorations] CAPPING events from decorations provider vscode.git 1218
2023-10-09 17:23:27.555 [warning] [Decorations] CAPPING events from decorations provider vscode.git 1218
2023-10-09 17:23:32.809 [warning] [Decorations] CAPPING events from decorations provider vscode.git 1218
2023-10-09 17:23:38.066 [warning] [Decorations] CAPPING events from decorations provider vscode.git 1218
2023-10-09 17:23:40.829 [warning] [Decorations] CAPPING events from decorations provider vscode.git 1218
2023-10-09 17:23:43.313 [warning] [Decorations] CAPPING events from decorations provider vscode.git 1218
2023-10-09 17:23:48.567 [warning] [Decorations] CAPPING events from decorations provider vscode.git 1218
2023-10-09 17:23:53.824 [warning] [Decorations] CAPPING events from decorations provider vscode.git 1218
2023-10-09 17:23:59.077 [warning] [Decorations] CAPPING events from decorations provider vscode.git 1218
2023-10-09 17:24:04.937 [warning] [Decorations] CAPPING events from decorations provider vscode.git 1218
2023-10-09 17:24:10.199 [warning] [Decorations] CAPPING events from decorations provider vscode.git 1218
2023-10-09 17:24:15.460 [warning] [Decorations] CAPPING events from decorations provider vscode.git 1220
2023-10-09 17:24:20.719 [warning] [Decorations] CAPPING events from decorations provider vscode.git 1220
2023-10-09 17:24:25.984 [warning] [Decorations] CAPPING events from decorations provider vscode.git 1220
2023-10-09 17:24:31.233 [warning] [Decorations] CAPPING events from decorations provider vscode.git 1221
2023-10-09 17:24:36.483 [warning] [Decorations] CAPPING events from decorations provider vscode.git 1221
2023-10-09 17:24:44.145 [warning] [Decorations] CAPPING events from decorations provider vscode.git 1221
2023-10-09 17:24:50.076 [warning] [Decorations] CAPPING events from decorations provider vscode.git 1221
2023-10-09 17:25:42.799 [warning] [Decorations] CAPPING events from decorations provider vscode.git 1221
2023-10-09 17:25:48.056 [warning] [Decorations] CAPPING events from decorations provider vscode.git 1221
2023-10-09 17:25:53.756 [warning] [Decorations] CAPPING events from decorations provider vscode.git 1221
2023-10-09 17:25:59.014 [warning] [Decorations] CAPPING events from decorations provider vscode.git 1221
2023-10-09 17:26:04.264 [warning] [Decorations] CAPPING events from decorations provider vscode.git 1221
2023-10-09 17:26:13.124 [warning] [Decorations] CAPPING events from decorations provider vscode.git 1221
2023-10-09 17:26:18.370 [warning] [Decorations] CAPPING events from decorations provider vscode.git 1221
2023-10-09 17:26:23.621 [warning] [Decorations] CAPPING events from decorations provider vscode.git 1221
2023-10-09 17:26:28.889 [warning] [Decorations] CAPPING events from decorations provider vscode.git 1221
2023-10-09 17:26:34.144 [warning] [Decorations] CAPPING events from decorations provider vscode.git 1221
2023-10-09 17:26:39.395 [warning] [Decorations] CAPPING events from decorations provider vscode.git 1221
2023-10-09 17:26:41.530 [warning] [Decorations] CAPPING events from decorations provider vscode.git 1221
2023-10-09 17:26:44.650 [warning] [Decorations] CAPPING events from decorations provider vscode.git 1222
2023-10-09 17:26:49.910 [warning] [Decorations] CAPPING events from decorations provider vscode.git 1222
2023-10-09 17:26:56.295 [warning] [Decorations] CAPPING events from decorations provider vscode.git 1222
2023-10-09 17:27:03.807 [warning] [Decorations] CAPPING events from decorations provider vscode.git 1222
2023-10-09 17:27:09.061 [warning] [Decorations] CAPPING events from decorations provider vscode.git 1222
2023-10-09 17:27:19.074 [warning] [Decorations] CAPPING events from decorations provider vscode.git 1223
2023-10-09 17:27:24.479 [warning] [Decorations] CAPPING events from decorations provider vscode.git 1223
2023-10-09 17:27:29.735 [warning] [Decorations] CAPPING events from decorations provider vscode.git 1223
2023-10-09 17:27:34.993 [warning] [Decorations] CAPPING events from decorations provider vscode.git 1223
2023-10-09 17:27:47.397 [warning] [Decorations] CAPPING events from decorations provider vscode.git 1224
2023-10-09 17:27:53.393 [warning] [Decorations] CAPPING events from decorations provider vscode.git 1224
2023-10-09 17:28:00.397 [warning] [Decorations] CAPPING events from decorations provider vscode.git 1224
2023-10-09 17:28:05.647 [warning] [Decorations] CAPPING events from decorations provider vscode.git 1224
2023-10-09 17:28:10.898 [warning] [Decorations] CAPPING events from decorations provider vscode.git 1224
2023-10-09 17:28:16.452 [warning] [Decorations] CAPPING events from decorations provider vscode.git 1224
2023-10-09 17:28:21.711 [warning] [Decorations] CAPPING events from decorations provider vscode.git 1224
2023-10-09 17:28:26.969 [warning] [Decorations] CAPPING events from decorations provider vscode.git 1224
2023-10-09 17:28:32.224 [warning] [Decorations] CAPPING events from decorations provider vscode.git 1224
2023-10-09 17:28:37.480 [warning] [Decorations] CAPPING events from decorations provider vscode.git 1224
2023-10-09 17:28:55.568 [warning] [Decorations] CAPPING events from decorations provider vscode.git 1225
2023-10-09 17:29:00.831 [warning] [Decorations] CAPPING events from decorations provider vscode.git 1225
2023-10-09 17:29:06.081 [warning] [Decorations] CAPPING events from decorations provider vscode.git 1225
2023-10-09 17:29:12.620 [warning] [Decorations] CAPPING events from decorations provider vscode.git 1225
2023-10-09 17:29:17.878 [warning] [Decorations] CAPPING events from decorations provider vscode.git 1226
2023-10-09 17:29:23.138 [warning] [Decorations] CAPPING events from decorations provider vscode.git 1226
2023-10-09 17:29:28.722 [warning] [Decorations] CAPPING events from decorations provider vscode.git 1226
2023-10-09 17:29:33.986 [warning] [Decorations] CAPPING events from decorations provider vscode.git 1227
2023-10-09 17:29:39.254 [warning] [Decorations] CAPPING events from decorations provider vscode.git 1228
2023-10-09 17:29:42.239 [warning] [Decorations] CAPPING events from decorations provider vscode.git 1228
2023-10-09 17:29:44.521 [warning] [Decorations] CAPPING events from decorations provider vscode.git 1228
2023-10-09 17:29:53.798 [warning] [Decorations] CAPPING events from decorations provider vscode.git 1228
2023-10-09 17:30:14.389 [warning] [Decorations] CAPPING events from decorations provider vscode.git 1228
2023-10-09 17:30:19.645 [warning] [Decorations] CAPPING events from decorations provider vscode.git 1228
2023-10-09 17:30:24.924 [warning] [Decorations] CAPPING events from decorations provider vscode.git 1228
2023-10-09 17:30:30.181 [warning] [Decorations] CAPPING events from decorations provider vscode.git 1228
2023-10-09 17:30:36.949 [warning] [Decorations] CAPPING events from decorations provider vscode.git 1228
2023-10-09 17:30:42.200 [warning] [Decorations] CAPPING events from decorations provider vscode.git 1228
2023-10-09 17:30:47.957 [warning] [Decorations] CAPPING events from decorations provider vscode.git 1228
2023-10-09 17:30:53.212 [warning] [Decorations] CAPPING events from decorations provider vscode.git 1228
2023-10-09 17:30:58.476 [warning] [Decorations] CAPPING events from decorations provider vscode.git 1228
2023-10-09 17:31:03.732 [warning] [Decorations] CAPPING events from decorations provider vscode.git 1228
2023-10-09 17:31:08.985 [warning] [Decorations] CAPPING events from decorations provider vscode.git 1228
2023-10-09 17:31:25.105 [warning] [Decorations] CAPPING events from decorations provider vscode.git 1228
2023-10-09 17:31:30.368 [warning] [Decorations] CAPPING events from decorations provider vscode.git 1228
2023-10-09 17:31:39.054 [warning] [Decorations] CAPPING events from decorations provider vscode.git 1229
2023-10-09 17:31:44.310 [warning] [Decorations] CAPPING events from decorations provider vscode.git 1229
2023-10-09 17:31:49.568 [warning] [Decorations] CAPPING events from decorations provider vscode.git 1229
2023-10-09 17:31:54.828 [warning] [Decorations] CAPPING events from decorations provider vscode.git 1230
2023-10-09 17:32:00.087 [warning] [Decorations] CAPPING events from decorations provider vscode.git 1230
2023-10-09 17:32:05.345 [warning] [Decorations] CAPPING events from decorations provider vscode.git 1230
2023-10-09 17:32:10.601 [warning] [Decorations] CAPPING events from decorations provider vscode.git 1230
2023-10-09 17:32:15.851 [warning] [Decorations] CAPPING events from decorations provider vscode.git 1230
2023-10-09 17:32:21.105 [warning] [Decorations] CAPPING events from decorations provider vscode.git 1230
2023-10-09 17:32:26.362 [warning] [Decorations] CAPPING events from decorations provider vscode.git 1230
2023-10-09 17:32:31.630 [warning] [Decorations] CAPPING events from decorations provider vscode.git 1230
2023-10-09 17:33:15.313 [warning] [Decorations] CAPPING events from decorations provider vscode.git 1230
2023-10-09 17:33:15.878 [warning] [Decorations] CAPPING events from decorations provider vscode.git 1230
2023-10-09 17:33:20.566 [warning] [Decorations] CAPPING events from decorations provider vscode.git 1230
2023-10-09 17:33:25.821 [warning] [Decorations] CAPPING events from decorations provider vscode.git 1231
2023-10-09 17:33:31.230 [warning] [Decorations] CAPPING events from decorations provider vscode.git 1231
2023-10-09 17:33:44.235 [warning] [Decorations] CAPPING events from decorations provider vscode.git 1231
2023-10-09 17:33:49.614 [warning] [Decorations] CAPPING events from decorations provider vscode.git 1231
2023-10-09 17:33:57.236 [warning] [Decorations] CAPPING events from decorations provider vscode.git 1231
2023-10-09 17:34:20.136 [warning] [Decorations] CAPPING events from decorations provider vscode.git 1231
2023-10-09 17:34:25.391 [warning] [Decorations] CAPPING events from decorations provider vscode.git 1231
2023-10-09 17:34:36.539 [warning] [Decorations] CAPPING events from decorations provider vscode.git 1231
2023-10-09 17:34:43.296 [warning] [Decorations] CAPPING events from decorations provider vscode.git 1231
2023-10-09 17:34:48.540 [warning] [Decorations] CAPPING events from decorations provider vscode.git 1231
2023-10-09 17:34:53.789 [warning] [Decorations] CAPPING events from decorations provider vscode.git 1231
2023-10-09 17:35:17.928 [warning] [Decorations] CAPPING events from decorations provider vscode.git 1231
2023-10-09 17:35:23.194 [warning] [Decorations] CAPPING events from decorations provider vscode.git 1231
2023-10-09 17:35:28.451 [warning] [Decorations] CAPPING events from decorations provider vscode.git 1231
2023-10-09 17:35:33.709 [warning] [Decorations] CAPPING events from decorations provider vscode.git 1231
2023-10-09 17:35:38.961 [warning] [Decorations] CAPPING events from decorations provider vscode.git 1231
2023-10-09 17:35:50.512 [warning] [Decorations] CAPPING events from decorations provider vscode.git 1231
2023-10-09 17:35:55.766 [warning] [Decorations] CAPPING events from decorations provider vscode.git 1231
2023-10-09 17:36:12.811 [warning] [Decorations] CAPPING events from decorations provider vscode.git 1231
2023-10-09 17:36:16.623 [warning] [Decorations] CAPPING events from decorations provider vscode.git 1231
2023-10-09 17:36:18.068 [warning] [Decorations] CAPPING events from decorations provider vscode.git 1231
2023-10-09 17:36:23.339 [warning] [Decorations] CAPPING events from decorations provider vscode.git 1231
2023-10-09 17:36:28.598 [warning] [Decorations] CAPPING events from decorations provider vscode.git 1231
2023-10-09 17:36:33.859 [warning] [Decorations] CAPPING events from decorations provider vscode.git 1231
2023-10-09 17:36:39.128 [warning] [Decorations] CAPPING events from decorations provider vscode.git 1231
2023-10-09 17:36:44.388 [warning] [Decorations] CAPPING events from decorations provider vscode.git 1231
2023-10-09 17:36:49.661 [warning] [Decorations] CAPPING events from decorations provider vscode.git 1231
2023-10-09 17:37:27.194 [warning] [Decorations] CAPPING events from decorations provider vscode.git 1231
2023-10-09 17:37:32.448 [warning] [Decorations] CAPPING events from decorations provider vscode.git 1231
2023-10-09 17:37:37.709 [warning] [Decorations] CAPPING events from decorations provider vscode.git 1231
2023-10-09 17:37:42.971 [warning] [Decorations] CAPPING events from decorations provider vscode.git 1231
2023-10-09 17:37:48.871 [warning] [Decorations] CAPPING events from decorations provider vscode.git 1231
2023-10-09 17:38:03.022 [warning] [Decorations] CAPPING events from decorations provider vscode.git 1232
2023-10-09 17:38:08.278 [warning] [Decorations] CAPPING events from decorations provider vscode.git 1232
2023-10-09 17:38:20.867 [warning] [Decorations] CAPPING events from decorations provider vscode.git 1233
2023-10-09 17:38:26.120 [warning] [Decorations] CAPPING events from decorations provider vscode.git 1234
2023-10-09 17:38:31.376 [warning] [Decorations] CAPPING events from decorations provider vscode.git 1234
2023-10-09 17:38:36.664 [warning] [Decorations] CAPPING events from decorations provider vscode.git 1235
2023-10-09 17:38:51.561 [warning] [Decorations] CAPPING events from decorations provider vscode.git 1235
2023-10-09 17:39:09.222 [warning] [Decorations] CAPPING events from decorations provider vscode.git 1235
2023-10-09 17:39:14.476 [warning] [Decorations] CAPPING events from decorations provider vscode.git 1235
2023-10-09 17:39:17.291 [warning] [Decorations] CAPPING events from decorations provider vscode.git 1235
2023-10-09 17:39:19.730 [warning] [Decorations] CAPPING events from decorations provider vscode.git 1235
2023-10-09 17:39:24.985 [warning] [Decorations] CAPPING events from decorations provider vscode.git 1235
2023-10-09 17:39:58.107 [warning] [Decorations] CAPPING events from decorations provider vscode.git 1235
2023-10-09 17:40:03.359 [warning] [Decorations] CAPPING events from decorations provider vscode.git 1235
2023-10-09 17:40:08.608 [warning] [Decorations] CAPPING events from decorations provider vscode.git 1235
2023-10-09 17:40:13.862 [warning] [Decorations] CAPPING events from decorations provider vscode.git 1235
2023-10-09 17:40:19.119 [warning] [Decorations] CAPPING events from decorations provider vscode.git 1235
2023-10-09 17:40:24.376 [warning] [Decorations] CAPPING events from decorations provider vscode.git 1235
2023-10-09 17:40:30.219 [warning] [Decorations] CAPPING events from decorations provider vscode.git 1235
2023-10-09 17:40:56.139 [warning] [Decorations] CAPPING events from decorations provider vscode.git 1235
2023-10-09 17:41:01.392 [warning] [Decorations] CAPPING events from decorations provider vscode.git 1235
2023-10-09 17:41:06.722 [warning] [Decorations] CAPPING events from decorations provider vscode.git 1235
2023-10-09 17:41:11.988 [warning] [Decorations] CAPPING events from decorations provider vscode.git 1236
2023-10-09 17:41:28.776 [warning] [Decorations] CAPPING events from decorations provider vscode.git 1236
2023-10-09 17:42:46.736 [warning] [Decorations] CAPPING events from decorations provider vscode.git 1236
2023-10-09 17:42:47.304 [warning] [Decorations] CAPPING events from decorations provider vscode.git 1236
2023-10-09 17:42:51.982 [warning] [Decorations] CAPPING events from decorations provider vscode.git 1236
2023-10-09 17:43:00.374 [warning] [Decorations] CAPPING events from decorations provider vscode.git 1236
2023-10-09 17:43:06.063 [warning] [Decorations] CAPPING events from decorations provider vscode.git 1236
2023-10-09 17:43:51.379 [warning] [Decorations] CAPPING events from decorations provider vscode.git 1236
2023-10-09 17:43:57.415 [warning] [Decorations] CAPPING events from decorations provider vscode.git 1236
2023-10-09 17:44:26.094 [warning] [Decorations] CAPPING events from decorations provider vscode.git 1236
2023-10-09 17:44:31.352 [warning] [Decorations] CAPPING events from decorations provider vscode.git 1236
2023-10-09 17:44:59.581 [warning] [Decorations] CAPPING events from decorations provider vscode.git 1236
2023-10-09 17:45:04.845 [warning] [Decorations] CAPPING events from decorations provider vscode.git 1236
2023-10-09 17:45:10.100 [warning] [Decorations] CAPPING events from decorations provider vscode.git 1236
2023-10-09 17:45:15.521 [warning] [Decorations] CAPPING events from decorations provider vscode.git 1236
2023-10-09 17:45:20.781 [warning] [Decorations] CAPPING events from decorations provider vscode.git 1236
2023-10-09 17:45:26.043 [warning] [Decorations] CAPPING events from decorations provider vscode.git 1236
2023-10-09 17:46:05.162 [warning] [Decorations] CAPPING events from decorations provider vscode.git 1236
2023-10-09 17:46:05.713 [warning] [Decorations] CAPPING events from decorations provider vscode.git 1236
2023-10-09 17:46:10.420 [warning] [Decorations] CAPPING events from decorations provider vscode.git 1236
2023-10-09 17:46:19.029 [warning] [Decorations] CAPPING events from decorations provider vscode.git 1236
2023-10-09 17:46:43.043 [warning] [Decorations] CAPPING events from decorations provider vscode.git 1236
2023-10-09 17:46:52.724 [warning] [Decorations] CAPPING events from decorations provider vscode.git 1237
2023-10-09 17:47:07.463 [warning] [Decorations] CAPPING events from decorations provider vscode.git 1237
2023-10-09 17:47:17.440 [warning] [Decorations] CAPPING events from decorations provider vscode.git 1238
2023-10-09 17:47:22.698 [warning] [Decorations] CAPPING events from decorations provider vscode.git 1238
2023-10-09 17:47:27.951 [warning] [Decorations] CAPPING events from decorations provider vscode.git 1238
2023-10-09 17:47:50.464 [warning] [Decorations] CAPPING events from decorations provider vscode.git 1239
2023-10-09 17:48:01.148 [warning] [Decorations] CAPPING events from decorations provider vscode.git 1239
2023-10-09 17:48:07.214 [warning] [Decorations] CAPPING events from decorations provider vscode.git 1239
2023-10-09 17:48:17.266 [warning] [Decorations] CAPPING events from decorations provider vscode.git 1239
2023-10-09 17:48:22.531 [warning] [Decorations] CAPPING events from decorations provider vscode.git 1239
2023-10-09 17:48:27.792 [warning] [Decorations] CAPPING events from decorations provider vscode.git 1240
2023-10-09 17:48:33.050 [warning] [Decorations] CAPPING events from decorations provider vscode.git 1240
2023-10-09 17:48:44.285 [warning] [Decorations] CAPPING events from decorations provider vscode.git 1240
2023-10-09 17:48:49.541 [warning] [Decorations] CAPPING events from decorations provider vscode.git 1240
2023-10-09 17:48:54.799 [warning] [Decorations] CAPPING events from decorations provider vscode.git 1240
2023-10-09 17:49:00.057 [warning] [Decorations] CAPPING events from decorations provider vscode.git 1240
2023-10-09 17:49:06.035 [info] ExtensionService#_doActivateExtension vscode.debug-server-ready, startup: false, activationEvent: 'onDebugResolve'
2023-10-09 17:49:06.775 [warning] [Decorations] CAPPING events from decorations provider vscode.git 1240
2023-10-09 17:49:07.040 [warning] [Decorations] CAPPING events from decorations provider vscode.git 1240
2023-10-09 17:49:12.293 [warning] [Decorations] CAPPING events from decorations provider vscode.git 1240
2023-10-09 17:49:17.616 [warning] [Decorations] CAPPING events from decorations provider vscode.git 1240
2023-10-09 17:49:22.877 [warning] [Decorations] CAPPING events from decorations provider vscode.git 1240
2023-10-09 17:49:28.130 [warning] [Decorations] CAPPING events from decorations provider vscode.git 1240
2023-10-09 17:49:33.390 [warning] [Decorations] CAPPING events from decorations provider vscode.git 1240
2023-10-09 17:49:38.642 [warning] [Decorations] CAPPING events from decorations provider vscode.git 1240
2023-10-09 17:49:44.197 [warning] [Decorations] CAPPING events from decorations provider vscode.git 1240
2023-10-09 17:49:49.455 [warning] [Decorations] CAPPING events from decorations provider vscode.git 1240
2023-10-09 17:49:54.720 [warning] [Decorations] CAPPING events from decorations provider vscode.git 1240
2023-10-09 17:49:59.976 [warning] [Decorations] CAPPING events from decorations provider vscode.git 1240
2023-10-09 17:50:05.235 [warning] [Decorations] CAPPING events from decorations provider vscode.git 1240
2023-10-09 17:50:40.710 [warning] [Decorations] CAPPING events from decorations provider vscode.git 1240
2023-10-09 17:50:45.965 [warning] [Decorations] CAPPING events from decorations provider vscode.git 1241
2023-10-09 17:51:03.953 [warning] [Decorations] CAPPING events from decorations provider vscode.git 1241
2023-10-09 17:51:09.205 [warning] [Decorations] CAPPING events from decorations provider vscode.git 1241
2023-10-09 17:51:34.621 [warning] [Decorations] CAPPING events from decorations provider vscode.git 1241
2023-10-09 17:51:39.882 [warning] [Decorations] CAPPING events from decorations provider vscode.git 1241
2023-10-09 17:51:51.851 [warning] [Decorations] CAPPING events from decorations provider vscode.git 1242
2023-10-09 17:51:57.106 [warning] [Decorations] CAPPING events from decorations provider vscode.git 1242
2023-10-09 17:52:05.670 [warning] [Decorations] CAPPING events from decorations provider vscode.git 1243
2023-10-09 17:52:07.477 [warning] [Decorations] CAPPING events from decorations provider vscode.git 1243
2023-10-09 17:52:10.932 [warning] [Decorations] CAPPING events from decorations provider vscode.git 1244
2023-10-09 17:54:25.169 [warning] [Decorations] CAPPING events from decorations provider vscode.git 1244
2023-10-09 17:54:30.427 [warning] [Decorations] CAPPING events from decorations provider vscode.git 1244
2023-10-09 17:54:59.046 [warning] [Decorations] CAPPING events from decorations provider vscode.git 1245
2023-10-09 17:55:04.300 [warning] [Decorations] CAPPING events from decorations provider vscode.git 1246
2023-10-09 17:55:08.165 [warning] [Decorations] CAPPING events from decorations provider vscode.git 1246
2023-10-09 17:55:09.638 [warning] [Decorations] CAPPING events from decorations provider vscode.git 1246
2023-10-09 17:55:14.899 [warning] [Decorations] CAPPING events from decorations provider vscode.git 1246
2023-10-09 17:55:20.160 [warning] [Decorations] CAPPING events from decorations provider vscode.git 1246
2023-10-09 17:55:25.417 [warning] [Decorations] CAPPING events from decorations provider vscode.git 1247
2023-10-09 17:55:38.888 [warning] [Decorations] CAPPING events from decorations provider vscode.git 1247
2023-10-09 17:56:16.043 [warning] [Decorations] CAPPING events from decorations provider vscode.git 1247
2023-10-09 17:57:47.149 [warning] [Decorations] CAPPING events from decorations provider vscode.git 1247
2023-10-09 17:57:52.395 [warning] [Decorations] CAPPING events from decorations provider vscode.git 1247
2023-10-09 17:57:57.941 [warning] [Decorations] CAPPING events from decorations provider vscode.git 1247
2023-10-09 17:58:03.231 [warning] [Decorations] CAPPING events from decorations provider vscode.git 1247
2023-10-09 17:58:08.857 [warning] [Decorations] CAPPING events from decorations provider vscode.git 1247
2023-10-09 17:58:09.121 [warning] [Decorations] CAPPING events from decorations provider vscode.git 1247
2023-10-09 17:58:43.318 [warning] [Decorations] CAPPING events from decorations provider vscode.git 1247
2023-10-09 17:58:48.577 [warning] [Decorations] CAPPING events from decorations provider vscode.git 1247
2023-10-09 17:58:53.838 [warning] [Decorations] CAPPING events from decorations provider vscode.git 1247
2023-10-09 17:58:59.096 [warning] [Decorations] CAPPING events from decorations provider vscode.git 1247
2023-10-09 17:59:44.567 [warning] [Decorations] CAPPING events from decorations provider vscode.git 1247
2023-10-09 17:59:49.822 [warning] [Decorations] CAPPING events from decorations provider vscode.git 1247
2023-10-09 17:59:55.071 [warning] [Decorations] CAPPING events from decorations provider vscode.git 1247
2023-10-09 18:00:00.337 [warning] [Decorations] CAPPING events from decorations provider vscode.git 1247
2023-10-09 18:00:05.592 [warning] [Decorations] CAPPING events from decorations provider vscode.git 1247
2023-10-09 18:00:26.300 [warning] [Decorations] CAPPING events from decorations provider vscode.git 1247
2023-10-09 18:00:34.331 [warning] [Decorations] CAPPING events from decorations provider vscode.git 1247
2023-10-09 18:00:39.587 [warning] [Decorations] CAPPING events from decorations provider vscode.git 1247
2023-10-09 18:00:45.184 [warning] [Decorations] CAPPING events from decorations provider vscode.git 1247
2023-10-09 18:00:50.443 [warning] [Decorations] CAPPING events from decorations provider vscode.git 1247
2023-10-09 18:00:56.034 [warning] [Decorations] CAPPING events from decorations provider vscode.git 1247
2023-10-09 18:01:12.642 [warning] [Decorations] CAPPING events from decorations provider vscode.git 1247
2023-10-09 18:01:13.225 [warning] [Decorations] CAPPING events from decorations provider vscode.git 1247
2023-10-09 18:01:29.463 [warning] [Decorations] CAPPING events from decorations provider vscode.git 1247
2023-10-09 18:01:35.609 [warning] [Decorations] CAPPING events from decorations provider vscode.git 1247
2023-10-09 18:01:48.753 [warning] [Decorations] CAPPING events from decorations provider vscode.git 1247
2023-10-09 18:01:54.017 [warning] [Decorations] CAPPING events from decorations provider vscode.git 1247
2023-10-09 18:01:59.276 [warning] [Decorations] CAPPING events from decorations provider vscode.git 1247
2023-10-09 18:02:04.563 [warning] [Decorations] CAPPING events from decorations provider vscode.git 1248
2023-10-09 18:02:24.796 [warning] [Decorations] CAPPING events from decorations provider vscode.git 1248
2023-10-09 18:03:34.984 [warning] [Decorations] CAPPING events from decorations provider vscode.git 1248
2023-10-09 18:03:40.234 [warning] [Decorations] CAPPING events from decorations provider vscode.git 1248
