2023-10-09 16:36:48.271 [info] Log level: Info
2023-10-09 16:36:48.271 [info] Validating found git in: "git"
2023-10-09 16:36:48.271 [info] Using git "2.17.1" from "git"
2023-10-09 16:36:48.271 [info] > git rev-parse --show-toplevel [6ms]
2023-10-09 16:36:48.318 [info] > git rev-parse --git-dir --git-common-dir [4ms]
2023-10-09 16:36:48.351 [info] Open repository: /home/whalebee
2023-10-09 16:36:48.400 [info] > git rev-parse --show-toplevel [24ms]
2023-10-09 16:36:48.423 [info] > git config --get commit.template [27ms]
2023-10-09 16:36:48.443 [info] > git rev-parse --show-toplevel [22ms]
2023-10-09 16:36:48.474 [info] > git for-each-ref --format=%(refname)%00%(upstream:short)%00%(objectname)%00%(upstream:track)%00%(upstream:remotename)%00%(upstream:remoteref) refs/heads/master refs/remotes/master [32ms]
2023-10-09 16:36:48.497 [info] > git rev-parse --show-toplevel [25ms]
2023-10-09 16:36:48.522 [info] > git rev-parse --show-toplevel [6ms]
2023-10-09 16:36:48.546 [info] > git rev-parse --show-toplevel [5ms]
2023-10-09 16:36:48.570 [info] > git rev-parse --show-toplevel [5ms]
2023-10-09 16:36:48.594 [info] > git rev-parse --git-dir --git-common-dir [4ms]
2023-10-09 16:36:48.616 [info] Open repository: /home/whalebee/.rbenv
2023-10-09 16:36:48.660 [info] > git rev-parse --show-toplevel [24ms]
2023-10-09 16:36:48.702 [info] > git config --get commit.template [45ms]
2023-10-09 16:36:48.705 [info] > git rev-parse --show-toplevel [24ms]
2023-10-09 16:36:48.713 [info] > git for-each-ref --format=%(refname)%00%(upstream:short)%00%(objectname)%00%(upstream:track)%00%(upstream:remotename)%00%(upstream:remoteref) refs/heads/master refs/remotes/master [12ms]
2023-10-09 16:36:48.755 [info] > git status -z -uall [19ms]
2023-10-09 16:36:48.799 [info] > git status -z -uall [304ms]
2023-10-09 16:36:48.893 [info] > git config --get commit.template [100ms]
2023-10-09 16:36:48.895 [info] > git config --get commit.template [8ms]
2023-10-09 16:36:48.895 [info] > git for-each-ref --format=%(refname)%00%(upstream:short)%00%(objectname)%00%(upstream:track)%00%(upstream:remotename)%00%(upstream:remoteref) refs/heads/master refs/remotes/master [33ms]
2023-10-09 16:36:49.152 [info] > git status -z -uall [236ms]
2023-10-09 16:36:49.185 [info] > git fetch [569ms]
2023-10-09 16:36:49.186 [info] > git fetch [836ms]
2023-10-09 16:36:49.186 [info] warning: no common commits
From https://github.com/whalebee/Ruby_class
 * [new branch]      main       -> origin/main
2023-10-09 16:36:49.276 [info] > git check-ignore -v -z --stdin [70ms]
2023-10-09 16:36:49.278 [info] > git check-ignore -v -z --stdin [50ms]
2023-10-09 16:36:49.279 [info] > git for-each-ref --format=%(refname)%00%(upstream:short)%00%(objectname)%00%(upstream:track)%00%(upstream:remotename)%00%(upstream:remoteref) refs/heads/master refs/remotes/master [96ms]
2023-10-09 16:36:49.281 [info] > git config --get commit.template [8ms]
2023-10-09 16:36:49.281 [info] > git config --get commit.template [31ms]
2023-10-09 16:36:49.350 [info] > git for-each-ref --format=%(refname)%00%(upstream:short)%00%(objectname)%00%(upstream:track)%00%(upstream:remotename)%00%(upstream:remoteref) refs/heads/master refs/remotes/master [46ms]
2023-10-09 16:36:49.378 [info] > git for-each-ref --format=%(refname)%00%(upstream:short)%00%(objectname)%00%(upstream:track)%00%(upstream:remotename)%00%(upstream:remoteref) refs/heads/master refs/remotes/master [49ms]
2023-10-09 16:36:49.401 [info] > git status -z -uall [27ms]
2023-10-09 16:36:49.650 [info] > git status -z -uall [250ms]
2023-10-09 16:36:59.297 [info] > git for-each-ref --format=%(refname)%00%(upstream:short)%00%(objectname)%00%(upstream:track)%00%(upstream:remotename)%00%(upstream:remoteref) refs/heads/master refs/remotes/master [26ms]
2023-10-09 16:36:59.300 [info] > git config --get commit.template [4ms]
2023-10-09 16:36:59.568 [info] > git status -z -uall [243ms]
2023-10-09 16:37:04.644 [info] > git config --get commit.template [27ms]
2023-10-09 16:37:04.651 [info] > git for-each-ref --format=%(refname)%00%(upstream:short)%00%(objectname)%00%(upstream:track)%00%(upstream:remotename)%00%(upstream:remoteref) refs/heads/master refs/remotes/master [8ms]
2023-10-09 16:37:04.899 [info] > git status -z -uall [223ms]
2023-10-09 16:37:09.979 [info] > git config --get commit.template [33ms]
2023-10-09 16:37:09.985 [info] > git for-each-ref --format=%(refname)%00%(upstream:short)%00%(objectname)%00%(upstream:track)%00%(upstream:remotename)%00%(upstream:remoteref) refs/heads/master refs/remotes/master [9ms]
2023-10-09 16:37:10.257 [info] > git status -z -uall [243ms]
2023-10-09 16:37:17.674 [info] > git config --get commit.template [28ms]
2023-10-09 16:37:17.679 [info] > git for-each-ref --format=%(refname)%00%(upstream:short)%00%(objectname)%00%(upstream:track)%00%(upstream:remotename)%00%(upstream:remoteref) refs/heads/master refs/remotes/master [8ms]
2023-10-09 16:37:17.937 [info] > git status -z -uall [232ms]
2023-10-09 16:37:28.016 [info] > git config --get commit.template [27ms]
2023-10-09 16:37:28.023 [info] > git for-each-ref --format=%(refname)%00%(upstream:short)%00%(objectname)%00%(upstream:track)%00%(upstream:remotename)%00%(upstream:remoteref) refs/heads/master refs/remotes/master [8ms]
2023-10-09 16:37:28.205 [info] > git status -z -uall [157ms]
2023-10-09 16:37:33.282 [info] > git config --get commit.template [26ms]
2023-10-09 16:37:33.288 [info] > git for-each-ref --format=%(refname)%00%(upstream:short)%00%(objectname)%00%(upstream:track)%00%(upstream:remotename)%00%(upstream:remoteref) refs/heads/master refs/remotes/master [9ms]
2023-10-09 16:37:33.446 [info] > git status -z -uall [134ms]
2023-10-09 16:37:38.522 [info] > git config --get commit.template [27ms]
2023-10-09 16:37:38.528 [info] > git for-each-ref --format=%(refname)%00%(upstream:short)%00%(objectname)%00%(upstream:track)%00%(upstream:remotename)%00%(upstream:remoteref) refs/heads/master refs/remotes/master [8ms]
2023-10-09 16:37:38.690 [info] > git status -z -uall [137ms]
2023-10-09 16:37:46.334 [info] > git config --get commit.template [29ms]
2023-10-09 16:37:46.341 [info] > git for-each-ref --format=%(refname)%00%(upstream:short)%00%(objectname)%00%(upstream:track)%00%(upstream:remotename)%00%(upstream:remoteref) refs/heads/master refs/remotes/master [8ms]
2023-10-09 16:37:46.501 [info] > git status -z -uall [134ms]
2023-10-09 16:38:25.165 [info] > git config --get commit.template [28ms]
2023-10-09 16:38:25.172 [info] > git for-each-ref --format=%(refname)%00%(upstream:short)%00%(objectname)%00%(upstream:track)%00%(upstream:remotename)%00%(upstream:remoteref) refs/heads/master refs/remotes/master [9ms]
2023-10-09 16:38:25.333 [info] > git status -z -uall [135ms]
2023-10-09 16:38:30.417 [info] > git config --get commit.template [28ms]
2023-10-09 16:38:30.424 [info] > git for-each-ref --format=%(refname)%00%(upstream:short)%00%(objectname)%00%(upstream:track)%00%(upstream:remotename)%00%(upstream:remoteref) refs/heads/master refs/remotes/master [8ms]
2023-10-09 16:38:30.550 [info] > git for-each-ref --sort -committerdate --format %(refname) %(objectname) %(*objectname) [7ms]
2023-10-09 16:38:30.587 [info] > git status -z -uall [137ms]
2023-10-09 16:38:35.662 [info] > git for-each-ref --format=%(refname)%00%(upstream:short)%00%(objectname)%00%(upstream:track)%00%(upstream:remotename)%00%(upstream:remoteref) refs/heads/master refs/remotes/master [28ms]
2023-10-09 16:38:35.665 [info] > git config --get commit.template [4ms]
2023-10-09 16:38:35.828 [info] > git status -z -uall [137ms]
2023-10-09 16:38:40.904 [info] > git config --get commit.template [27ms]
2023-10-09 16:38:40.911 [info] > git for-each-ref --format=%(refname)%00%(upstream:short)%00%(objectname)%00%(upstream:track)%00%(upstream:remotename)%00%(upstream:remoteref) refs/heads/master refs/remotes/master [9ms]
2023-10-09 16:38:41.075 [info] > git status -z -uall [135ms]
2023-10-09 16:38:46.153 [info] > git config --get commit.template [30ms]
2023-10-09 16:38:46.160 [info] > git for-each-ref --format=%(refname)%00%(upstream:short)%00%(objectname)%00%(upstream:track)%00%(upstream:remotename)%00%(upstream:remoteref) refs/heads/master refs/remotes/master [8ms]
2023-10-09 16:38:46.322 [info] > git status -z -uall [133ms]
2023-10-09 16:38:51.401 [info] > git config --get commit.template [31ms]
2023-10-09 16:38:51.412 [info] > git for-each-ref --format=%(refname)%00%(upstream:short)%00%(objectname)%00%(upstream:track)%00%(upstream:remotename)%00%(upstream:remoteref) refs/heads/master refs/remotes/master [13ms]
2023-10-09 16:38:51.575 [info] > git status -z -uall [134ms]
2023-10-09 16:41:57.597 [info] > git config --get commit.template [31ms]
2023-10-09 16:41:57.605 [info] > git for-each-ref --format=%(refname)%00%(upstream:short)%00%(objectname)%00%(upstream:track)%00%(upstream:remotename)%00%(upstream:remoteref) refs/heads/master refs/remotes/master [9ms]
2023-10-09 16:41:57.775 [info] > git status -z -uall [142ms]
2023-10-09 16:41:58.003 [info] > git fetch [467ms]
2023-10-09 16:41:58.004 [info] > git fetch [497ms]
2023-10-09 16:41:58.088 [info] > git config --get commit.template [12ms]
2023-10-09 16:41:58.088 [info] > git config --get commit.template [45ms]
2023-10-09 16:41:58.150 [info] > git for-each-ref --format=%(refname)%00%(upstream:short)%00%(objectname)%00%(upstream:track)%00%(upstream:remotename)%00%(upstream:remoteref) refs/heads/master refs/remotes/master [32ms]
2023-10-09 16:41:58.181 [info] > git for-each-ref --format=%(refname)%00%(upstream:short)%00%(objectname)%00%(upstream:track)%00%(upstream:remotename)%00%(upstream:remoteref) refs/heads/master refs/remotes/master [33ms]
2023-10-09 16:41:58.245 [info] > git status -z -uall [34ms]
2023-10-09 16:41:58.320 [info] > git status -z -uall [140ms]
