2023-10-10 06:20:02.676 [info] Extension host with pid 172 started
2023-10-10 06:20:02.680 [error] Error: EEXIST: file already exists, open '/home/whalebee/.vscode-server/data/User/workspaceStorage/9f95e7be9231f2f138f7073472332cd7/vscode.lock'
2023-10-10 06:20:02.728 [info] ExtensionService#_doActivateExtension vscode.emmet, startup: false, activationEvent: 'onLanguage'
2023-10-10 06:20:02.783 [info] Lock '/home/whalebee/.vscode-server/data/User/workspaceStorage/9f95e7be9231f2f138f7073472332cd7/vscode.lock': Could not acquire lock, checking if the file is stale.
2023-10-10 06:20:02.800 [info] Lock '/home/whalebee/.vscode-server/data/User/workspaceStorage/9f95e7be9231f2f138f7073472332cd7/vscode.lock': The lock looks stale, waiting for 2s.
2023-10-10 06:20:03.730 [info] ExtensionService#_doActivateExtension vscode.git-base, startup: true, activationEvent: '*', root cause: vscode.git
2023-10-10 06:20:04.801 [info] Lock '/home/whalebee/.vscode-server/data/User/workspaceStorage/9f95e7be9231f2f138f7073472332cd7/vscode.lock': The lock looks stale even after waiting for 2s.
2023-10-10 06:20:04.801 [info] Lock '/home/whalebee/.vscode-server/data/User/workspaceStorage/9f95e7be9231f2f138f7073472332cd7/vscode.lock': Deleting a stale lock.
2023-10-10 06:20:04.809 [info] Lock '/home/whalebee/.vscode-server/data/User/workspaceStorage/9f95e7be9231f2f138f7073472332cd7/vscode.lock': Lock acquired.
2023-10-10 06:20:04.832 [info] ExtensionService#_doActivateExtension vscode.git, startup: true, activationEvent: '*'
2023-10-10 06:20:04.832 [info] ExtensionService#_doActivateExtension vscode.github, startup: true, activationEvent: '*'
2023-10-10 06:20:05.237 [info] Eager extensions activated
2023-10-10 06:20:05.238 [info] ExtensionService#_doActivateExtension vscode.debug-auto-launch, startup: false, activationEvent: 'onStartupFinished'
2023-10-10 06:20:05.238 [info] ExtensionService#_doActivateExtension vscode.merge-conflict, startup: false, activationEvent: 'onStartupFinished'
2023-10-10 06:20:06.067 [warning] [Decorations] CAPPING events from decorations provider vscode.git 1254
2023-10-10 06:20:06.546 [warning] [Decorations] CAPPING events from decorations provider vscode.git 1254
2023-10-10 06:20:07.224 [warning] [Decorations] CAPPING events from decorations provider vscode.git 1254
2023-10-10 06:20:12.135 [warning] [Decorations] CAPPING events from decorations provider vscode.git 1254
2023-10-10 06:21:41.313 [warning] [Decorations] CAPPING events from decorations provider vscode.git 1254
2023-10-10 06:21:46.557 [warning] [Decorations] CAPPING events from decorations provider vscode.git 1254
2023-10-10 06:21:51.803 [warning] [Decorations] CAPPING events from decorations provider vscode.git 1254
2023-10-10 06:21:57.080 [warning] [Decorations] CAPPING events from decorations provider vscode.git 1254
2023-10-10 06:21:58.678 [warning] [Decorations] CAPPING events from decorations provider vscode.git 1254
